Determining if the pthread_create exist failed with the following output:
Change Dir: /home/canix/ros-basics-ria/kobuki_rbot/build/CMakeFiles/CMakeTmp

Run Build Command:"/usr/bin/make" "cmTC_bcbee/fast"
/usr/bin/make -f CMakeFiles/cmTC_bcbee.dir/build.make CMakeFiles/cmTC_bcbee.dir/build
make[1]: se entra en el directorio '/home/canix/ros-basics-ria/kobuki_rbot/build/CMakeFiles/CMakeTmp'
Building C object CMakeFiles/cmTC_bcbee.dir/CheckSymbolExists.c.o
/usr/bin/cc     -o CMakeFiles/cmTC_bcbee.dir/CheckSymbolExists.c.o   -c /home/canix/ros-basics-ria/kobuki_rbot/build/CMakeFiles/CMakeTmp/CheckSymbolExists.c
Linking C executable cmTC_bcbee
/usr/bin/cmake -E cmake_link_script CMakeFiles/cmTC_bcbee.dir/link.txt --verbose=1
/usr/bin/cc       CMakeFiles/cmTC_bcbee.dir/CheckSymbolExists.c.o  -o cmTC_bcbee -rdynamic 
CMakeFiles/cmTC_bcbee.dir/CheckSymbolExists.c.o: En la función `main':
CheckSymbolExists.c:(.text+0x16): referencia a `pthread_create' sin definir
collect2: error: ld returned 1 exit status
CMakeFiles/cmTC_bcbee.dir/build.make:97: fallo en las instrucciones para el objetivo 'cmTC_bcbee'
make[1]: *** [cmTC_bcbee] Error 1
make[1]: se sale del directorio '/home/canix/ros-basics-ria/kobuki_rbot/build/CMakeFiles/CMakeTmp'
Makefile:126: fallo en las instrucciones para el objetivo 'cmTC_bcbee/fast'
make: *** [cmTC_bcbee/fast] Error 2

File /home/canix/ros-basics-ria/kobuki_rbot/build/CMakeFiles/CMakeTmp/CheckSymbolExists.c:
/* */
#include <pthread.h>

int main(int argc, char** argv)
{
  (void)argv;
#ifndef pthread_create
  return ((int*)(&pthread_create))[argc];
#else
  (void)argc;
  return 0;
#endif
}

Determining if the function pthread_create exists in the pthreads failed with the following output:
Change Dir: /home/canix/ros-basics-ria/kobuki_rbot/build/CMakeFiles/CMakeTmp

Run Build Command:"/usr/bin/make" "cmTC_6cd04/fast"
/usr/bin/make -f CMakeFiles/cmTC_6cd04.dir/build.make CMakeFiles/cmTC_6cd04.dir/build
make[1]: se entra en el directorio '/home/canix/ros-basics-ria/kobuki_rbot/build/CMakeFiles/CMakeTmp'
Building C object CMakeFiles/cmTC_6cd04.dir/CheckFunctionExists.c.o
/usr/bin/cc    -DCHECK_FUNCTION_EXISTS=pthread_create   -o CMakeFiles/cmTC_6cd04.dir/CheckFunctionExists.c.o   -c /usr/share/cmake-3.5/Modules/CheckFunctionExists.c
Linking C executable cmTC_6cd04
/usr/bin/cmake -E cmake_link_script CMakeFiles/cmTC_6cd04.dir/link.txt --verbose=1
/usr/bin/cc   -DCHECK_FUNCTION_EXISTS=pthread_create    CMakeFiles/cmTC_6cd04.dir/CheckFunctionExists.c.o  -o cmTC_6cd04 -rdynamic -lpthreads 
/usr/bin/ld: no se puede encontrar -lpthreads
collect2: error: ld returned 1 exit status
CMakeFiles/cmTC_6cd04.dir/build.make:97: fallo en las instrucciones para el objetivo 'cmTC_6cd04'
make[1]: *** [cmTC_6cd04] Error 1
make[1]: se sale del directorio '/home/canix/ros-basics-ria/kobuki_rbot/build/CMakeFiles/CMakeTmp'
Makefile:126: fallo en las instrucciones para el objetivo 'cmTC_6cd04/fast'
make: *** [cmTC_6cd04/fast] Error 2


